<?xml version="1.0" encoding="UTF-8"?>
<!-- Generated by org.testng.reporters.JUnitReportReporter -->
<testsuite skipped="0" hostname="LAPTOP-T16PO2HO" name="com.mystore.testcases.IndexPageTest" tests="2" failures="0" timestamp="2022-09-19T10:38:02 IST" time="29.575" errors="0">
  <testcase name="verifyLogo" time="14.116" classname="com.mystore.testcases.IndexPageTest"/>
  <system-out/>
  <testcase name="verifyTitle" time="15.459" classname="com.mystore.testcases.IndexPageTest"/>
  <system-out/>
</testsuite> <!-- com.mystore.testcases.IndexPageTest -->
